1 3001 -2697.0000000000014 
2 6002 -2829.3999999999996 
3 9003 -2358.6000000000004 
4 12004 -2631.4 
5 15005 -2756.6000000000004 
6 18006 -2505.7999999999984 
7 21007 -2373.399999999999 
8 24008 -2688.1999999999985 
9 27009 -2149.000000000001 
10 30010 -2654.5999999999995 
11 33011 -2215.799999999999 
12 36012 -2652.199999999999 
13 39013 -2663.4000000000005 
14 42014 -2599.8 
15 45015 -2444.6 
16 48016 -2444.9999999999995 
17 51017 -2290.9999999999995 
18 54018 -2391.8 
19 57019 -2444.999999999998 
20 60020 -2484.5999999999985 
21 63021 -2492.200000000002 
22 66022 -2633.3999999999996 
23 69023 -2550.9999999999995 
24 72024 -2230.6000000000004 
25 75025 -2248.2 
26 78026 -2290.2 
27 81027 -2493.0000000000023 
28 84028 -2172.2000000000003 
29 87029 -2416.2000000000003 
30 90030 -2518.6000000000004 
31 93031 -2192.999999999998 
32 96032 -2359.0 
33 99033 -2479.7999999999997 
34 102034 -2271.8 
35 105035 -2108.5999999999995 
36 108036 -2406.6 
37 111037 -2337.799999999999 
38 114038 -2007.3999999999994 
39 117039 -1993.3999999999994 
40 120040 -2216.6 
41 123041 -2112.9999999999995 
42 126042 -2310.599999999998 
43 129043 -2250.199999999999 
44 132044 -2367.7999999999997 
45 135045 -2535.0000000000005 
46 138046 -2196.2 
47 141047 -2331.3999999999987 
48 144048 -2462.2000000000003 
49 147049 -2333.399999999999 
50 150050 -2149.799999999999 
51 153051 -2444.2000000000016 
52 156052 -2258.6 
53 159053 -2023.4000000000008 
54 162054 -2224.199999999998 
55 165055 -1984.600000000002 
56 168056 -2183.3999999999996 
57 171057 -2273.8 
58 174058 -2439.8 
59 177059 -2193.7999999999997 
60 180060 -2533.0 
61 183061 -2206.5999999999995 
62 186062 -2465.4 
63 189063 -2471.7999999999993 
64 192064 -1991.399999999999 
65 195065 -2403.400000000001 
66 198066 -2297.8000000000006 
67 201067 -2232.2 
68 204068 -2199.7999999999993 
69 207069 -2110.999999999999 
70 210070 -2177.7999999999997 
71 213071 -2171.0 
72 216072 -2050.2 
73 219073 -1934.9999999999989 
74 222074 -1977.3999999999983 
75 225075 -1973.0000000000002 
76 228076 -1805.7999999999993 
77 231077 -1979.4 
78 234078 -2114.999999999999 
79 237079 -2122.5999999999985 
80 240080 -2018.2000000000007 
81 243081 -1937.8000000000006 
82 246082 -2161.8000000000015 
83 249083 -1821.8000000000004 
84 252084 -2040.1999999999991 
85 255085 -2265.4000000000005 
86 258086 -1851.4000000000015 
87 261087 -2155.7999999999984 
88 264088 -1606.1999999999996 
89 267089 -2099.399999999998 
90 270090 -2014.5999999999997 
91 273091 -1975.4000000000005 
92 276092 -2180.2000000000007 
93 279093 -2014.599999999999 
94 282094 -1797.4 
95 285095 -2047.8 
96 288096 -2192.600000000001 
97 291097 -1915.7999999999988 
98 294098 -1805.7999999999995 
99 297099 -2031.8000000000004 
100 300100 -2063.7999999999997 
101 303101 -1980.1999999999998 
102 306102 -1943.3999999999996 
103 309103 -2020.9999999999995 
104 312104 -1919.3999999999983 
105 315105 -1835.0000000000016 
106 318106 -2309.8000000000015 
107 321107 -1912.5999999999997 
108 324108 -1523.4 
109 327109 -2564.6 
110 330110 -2101.4 
111 333111 -2035.800000000001 
112 336112 -2239.0000000000005 
113 339113 -1519.800000000001 
114 342114 -1740.5999999999995 
115 345115 -1551.799999999999 
116 348116 -2072.600000000001 
117 351117 -2020.2000000000003 
118 354118 -1754.6000000000017 
119 357119 -1852.9999999999993 
120 360120 -1751.0000000000014 
121 363121 -1909.7999999999997 
122 366122 -1627.7999999999993 
123 369123 -1718.5999999999997 
124 372124 -1941.3999999999999 
125 375125 -1804.6000000000013 
126 378126 -1476.6 
127 381127 -1866.1999999999996 
128 384128 -1888.5999999999995 
129 387129 -1794.9999999999998 
130 390130 -1708.1999999999996 
131 393131 -1824.600000000001 
132 396132 -1489.000000000001 
133 399133 -1638.2000000000007 
134 402134 -1639.399999999999 
135 405135 -2020.6000000000008 
136 408136 -1741.4 
137 411137 -1626.2000000000003 
138 414138 -1805.4000000000003 
139 417139 -1829.4000000000008 
140 420140 -2022.1999999999987 
141 423141 -1608.9999999999998 
142 426142 -1545.7999999999997 
143 429143 -1852.6000000000001 
144 432144 -1741.4000000000008 
145 435145 -1771.4000000000003 
146 438146 -1889.4 
147 441147 -1418.199999999999 
148 444148 -1904.9999999999995 
149 447149 -1886.5999999999997 
150 450150 -1708.9999999999995 
151 453151 -1631.8000000000006 
152 456152 -1552.9999999999998 
153 459153 -1695.4000000000012 
154 462154 -1678.2000000000005 
155 465155 -1820.200000000002 
156 468156 -1537.8 
157 471157 -1646.2000000000005 
158 474158 -1871.4000000000003 
159 477159 -1636.1999999999994 
160 480160 -1881.0000000000007 
161 483161 -1723.4 
162 486162 -1746.1999999999998 
163 489163 -1712.2 
164 492164 -1757.4 
165 495165 -1707.3999999999987 
166 498166 -2027.4000000000003 
167 501167 -1711.400000000002 
168 504168 -1811.4000000000017 
169 507169 -1787.4000000000003 
170 510170 -1892.9999999999998 
171 513171 -1264.1999999999998 
172 516172 -1750.9999999999995 
173 519173 -1789.0000000000005 
174 522174 -1566.200000000001 
175 525175 -1977.8000000000002 
176 528176 -2654.6 
177 531177 -1956.6000000000004 
178 534178 -1534.1999999999994 
179 537179 -1551.8000000000002 
180 540180 -1469.8000000000004 
181 543181 -1654.5999999999985 
182 546182 -1799.0000000000002 
183 549183 -1666.999999999999 
184 552184 -1254.199999999999 
185 555185 -1323.3999999999996 
186 558186 -1407.8000000000004 
187 561187 -1444.6000000000006 
188 564188 -1300.5999999999997 
189 567189 -1157.400000000001 
190 570190 -1790.2000000000005 
191 573191 -2013.4000000000003 
192 576192 -1695.0000000000018 
193 579193 -1073.4000000000005 
194 582194 -827.3999999999993 
195 585195 -1595.3999999999992 
196 588196 -1472.1999999999991 
197 591197 -1682.2 
198 594198 -1209.0000000000002 
199 597199 -1123.4 
200 600200 -1167.8000000000002 
201 603201 -1259.0000000000007 
202 606202 -799.0 
203 609203 -1220.1999999999994 
204 612204 -1042.5999999999997 
205 615205 -1676.9999999999989 
206 618206 -1522.2 
207 621207 -2403.8 
208 624208 -1833.3999999999999 
209 627209 -1581.400000000001 
210 630210 -1160.9999999999989 
211 633211 -1341.0000000000016 
212 636212 -1228.5999999999995 
213 639213 -1311.8 
214 642214 -1266.200000000001 
215 645215 -1229.8 
216 648216 -1403.8000000000002 
217 651217 -1411.4000000000003 
218 654218 -1502.9999999999995 
219 657219 -1442.6000000000017 
220 660220 -1567.0000000000005 
221 663221 -1211.0 
222 666222 -1212.6 
223 669223 -1666.2 
224 672224 -1588.2 
225 675225 -1297.4 
226 678226 -1223.8000000000004 
227 681227 -1243.8000000000002 
228 684228 -1455.7999999999997 
229 687229 -1461.800000000001 
230 690230 -876.6000000000001 
231 693231 -1389.8000000000002 
232 696232 -1195.799999999999 
233 699233 -988.2000000000002 
234 702234 -1065.4 
235 705235 -957.7999999999997 
236 708236 -900.6 
237 711237 -1158.5999999999995 
238 714238 -987.3999999999993 
239 717239 -1114.999999999999 
240 720240 -1273.0000000000002 
241 723241 -1346.2000000000014 
242 726242 -1785.4000000000008 
243 729243 -1193.0 
244 732244 -1006.1999999999996 
245 735245 -1252.9999999999995 
246 738246 -1079.8000000000004 
247 741247 -965.3999999999987 
248 744248 -1263.8000000000004 
249 747249 -1064.1999999999998 
250 750250 -989.0000000000008 
251 753251 -1149.0000000000007 
252 756252 -1074.1999999999998 
253 759253 -885.3999999999999 
254 762254 -1123.4000000000005 
255 765255 -1150.1999999999996 
256 768256 -948.5999999999985 
257 771257 -969.7999999999996 
258 774258 -786.9999999999993 
259 777259 -774.999999999999 
260 780260 -1104.1999999999996 
261 783261 -1237.4000000000008 
262 786262 -805.8000000000005 
263 789263 -991.4000000000007 
264 792264 -977.3999999999995 
265 795265 -772.1999999999996 
266 798266 -741.0000000000003 
267 801267 -993.3999999999987 
268 804268 -1079.4000000000005 
269 807269 -2123.4000000000005 
270 810270 -981.3999999999995 
271 813271 -1061.0000000000002 
272 816272 -1320.6000000000001 
273 819273 -982.2000000000003 
274 822274 -1251.8000000000006 
275 825275 -493.3999999999999 
276 828276 -636.5999999999998 
277 831277 -936.9999999999999 
278 833271 -468.4000000000002 
279 836272 -725.3999999999994 
280 839273 -1417.4 
281 842274 -573.7999999999997 
282 845275 -713.7999999999995 
283 848276 -877.3999999999997 
284 850743 -531.7999999999996 
285 853744 -716.1999999999996 
286 856745 -662.2000000000003 
287 859746 -1065.4000000000003 
288 862747 -971.7999999999995 
289 865748 -727.7999999999992 
290 868749 -863.7999999999998 
291 871750 -668.9999999999995 
292 874751 -977.4000000000001 
293 877752 -639.0000000000006 
294 880753 -609.4000000000001 
295 883754 -548.5999999999999 
296 886755 -759.3999999999999 
297 889756 -877.4000000000002 
298 892757 -1152.9999999999989 
299 895758 -629.0 
300 898759 -791.7999999999998 
301 901760 -585.4000000000002 
302 904761 -963.3999999999999 
303 907762 -1084.9999999999998 
304 910763 -924.9999999999998 
305 913764 -1041.0000000000014 
306 915023 27.000000000000046 
307 918024 -1089.4 
308 921025 -846.5999999999996 
309 924026 -566.2 
310 926826 -555.1999999999992 
311 929061 -320.2 
312 932062 -601.7999999999993 
313 935063 -986.5999999999997 
314 936171 127.59999999999998 
315 939172 -657.4 
316 942173 -722.5999999999999 
317 945174 -492.2000000000002 
318 947474 -231.4 
319 950475 -823.4000000000001 
320 952374 -521.3999999999992 
321 953624 -37.599999999999945 
322 956625 -434.1999999999997 
323 959626 -571.8000000000001 
324 960526 81.00000000000007 
325 963527 -618.5999999999998 
326 966223 -722.3999999999997 
327 968729 -415.8 
328 971730 -606.5999999999996 
329 973000 188.39999999999992 
330 976001 -593.3999999999999 
331 977100 198.99999999999986 
332 978293 80.59999999999995 
333 981294 -270.20000000000005 
334 982757 -123.60000000000036 
335 985758 -598.1999999999995 
336 986530 112.80000000000004 
337 987650 187.99999999999991 
338 990651 -515.8000000000002 
339 992827 -122.80000000000003 
340 993909 -29.200000000000045 
341 995420 -82.19999999999997 
342 1000421 -1083.4000000000015 
343 1005422 -696.9999999999993 
344 1010423 -329.39999999999924 
345 1012670 -27.20000000000021 
346 1017671 -883.3999999999993 
347 1022672 -969.3999999999991 
348 1027673 -427.79999999999995 
349 1032674 -1064.9999999999993 
350 1037675 -471.7999999999998 
351 1042676 -544.999999999999 
352 1047677 -398.59999999999974 
353 1052678 -995.7999999999995 
354 1057679 -825.3999999999992 
355 1062680 -392.2000000000002 
356 1067681 -583.3999999999987 
357 1069260 476.2000000000001 
358 1074261 -1220.5999999999997 
359 1079158 -1071.6000000000013 
360 1084159 -337.79999999999967 
361 1085846 231.19999999999982 
362 1090847 -305.79999999999995 
363 1095848 -473.00000000000017 
364 1100849 -846.9999999999989 
365 1105850 -925.8 
366 1110851 -533.8000000000001 
367 1112985 325.5999999999999 
368 1117986 -493.4000000000001 
369 1120804 161.19999999999996 
370 1125805 -300.60000000000014 
371 1130806 -819.7999999999994 
372 1133219 55.59999999999996 
373 1136661 -13.20000000000021 
374 1138315 539.8 
375 1143316 -508.59999999999974 
376 1148317 -355.7999999999999 
377 1150380 333.7999999999999 
378 1155381 -216.60000000000005 
379 1160382 -354.6000000000003 
380 1163512 11.600000000000026 
381 1166297 200.99999999999974 
382 1171298 -1533.8000000000002 
383 1176299 -872.1999999999996 
384 1181300 -407.0000000000003 
385 1186301 -29.800000000000075 
386 1191302 -411.40000000000015 
387 1194028 92.20000000000005 
388 1199029 84.99999999999962 
389 1201731 363.0000000000001 
390 1206732 -548.1999999999998 
391 1208243 501.99999999999966 
392 1209636 426.2000000000001 
393 1211566 498.60000000000014 
394 1216567 274.5999999999999 
395 1221568 -575.3999999999996 
396 1226569 -31.399999999999654 
397 1231570 165.00000000000045 
398 1236571 116.60000000000036 
399 1241572 408.2000000000012 
400 1246573 241.8000000000004 
401 1249537 -66.40000000000006 
402 1254538 -481.3999999999997 
403 1259539 114.20000000000094 
404 1264540 -3527.3999999999996 
405 1269541 -556.599999999999 
406 1274542 -301.80000000000007 
407 1279543 -353.00000000000006 
408 1284544 -1002.1999999999981 
409 1287820 80.20000000000007 
410 1291082 228.4000000000001 
411 1296083 -417.3999999999998 
412 1301084 -342.6000000000001 
413 1306085 -487.39999999999975 
414 1308130 306.00000000000017 
415 1313131 185.4000000000005 
416 1315412 471.00000000000017 
417 1320413 -430.20000000000005 
418 1325414 -212.1999999999993 
419 1329463 -78.39999999999979 
420 1334047 -147.6000000000001 
421 1336127 232.99999999999994 
422 1337632 340.20000000000005 
423 1339652 553.7999999999998 
424 1341857 591.4000000000011 
425 1343798 662.6000000000006 
426 1345985 286.00000000000006 
427 1350986 -1095.4000000000005 
428 1353122 592.6000000000004 
429 1358123 89.80000000000052 
430 1363124 -804.2000000000002 
431 1368125 -176.60000000000036 
432 1373126 101.00000000000011 
433 1378127 -1106.9999999999995 
434 1382902 355.40000000000083 
435 1384495 480.0000000000004 
436 1388633 77.19999999999996 
437 1393634 63.39999999999962 
438 1396809 20.59999999999997 
439 1401315 -125.99999999999996 
440 1406316 -479.79999999999956 
441 1408258 516.2 
442 1411098 141.99999999999972 
443 1416099 -352.6000000000003 
444 1421100 -544.9999999999994 
445 1426101 215.4000000000001 
446 1431102 652.2000000000018 
447 1436103 213.80000000000018 
448 1441104 489.8000000000018 
449 1444821 -33.39999999999997 
450 1449822 -932.9999999999992 
451 1454823 -259.8000000000003 
452 1459824 -251.80000000000038 
453 1464825 -176.6 
454 1469826 54.600000000000115 
455 1474827 45.80000000000055 
456 1476998 533.2000000000004 
457 1479573 589.0000000000009 
458 1484574 -186.60000000000034 
459 1492575 -7252.6 
460 1500576 -6591.4000000000015 
461 1508577 -7213.400000000001 
462 1516578 -6331.000000000001 
463 1524579 -6554.600000000002 
464 1532580 -5596.200000000001 
465 1540581 -5841.399999999999 
466 1548582 -6220.199999999993 
467 1556583 -6697.799999999998 
468 1564584 -4635.000000000001 
469 1572585 -6363.000000000002 
470 1580586 -5845.399999999998 
471 1588587 -5464.2 
472 1596588 -6301.8 
473 1604589 -5102.60000000001 
474 1612590 -5011.400000000003 
475 1620591 -4089.399999999994 
476 1628592 -6210.199999999996 
477 1636593 -4284.999999999994 
478 1644594 -5094.199999999997 
479 1652595 -4891.800000000003 
480 1660596 -7303.0 
481 1668597 -6013.800000000001 
482 1676598 -5735.799999999994 
483 1684599 -5654.5999999999985 
484 1692600 -6053.800000000006 
485 1700601 -6484.5999999999985 
486 1708602 -5230.2000000000035 
487 1716603 -5863.400000000004 
488 1724604 -5856.199999999998 
489 1732605 -5216.999999999993 
490 1740606 -4802.999999999999 
491 1748607 -7848.2 
492 1756608 -7911.4 
493 1764609 -7942.2 
494 1772610 -7953.0 
495 1780611 -7964.6 
496 1788612 -7672.6 
497 1796613 -6894.600000000001 
498 1804614 -7697.4 
499 1812615 -6689.4 
500 1820616 -7863.400000000001 
501 1828617 -6194.599999999999 
502 1836618 -7289.4 
503 1844619 -7391.4 
504 1852620 -7799.0 
505 1860621 -7525.4 
506 1868622 -7522.6 
507 1876623 -7746.2 
508 1884624 -7968.2 
509 1892625 -6629.399999999999 
510 1900626 -7829.0 
511 1908627 -7878.2 
512 1916628 -7654.2 
513 1924629 -7365.799999999999 
514 1932630 -7846.2 
515 1940631 -7951.0 
516 1948632 -7546.200000000001 
517 1956633 -7925.8 
518 1964634 -7915.0 
519 1972635 -7876.6 
520 1980636 -7957.4 
521 1988637 -7762.6 
522 1996638 -7947.4 
523 2004639 -7890.6 
524 2012640 -7631.800000000001 
525 2020641 -7899.0 
526 2028642 -7974.6 
527 2036643 -7981.0 
528 2044644 -7964.6 
529 2052645 -7957.0 
530 2060646 -7929.4 
531 2068647 -7963.8 
532 2076648 -7986.6 
533 2084649 -8000.6 
534 2092650 -7977.0 
535 2100651 -7979.0 
536 2108652 -7969.4 
537 2116653 -7960.2 
538 2124654 -7962.6 
539 2132655 -7967.0 
540 2140656 -7884.6 
541 2148657 -7901.8 
542 2156658 -8000.6 
543 2164659 -7919.0 
544 2172660 -7897.0 
545 2180661 -7971.0 
546 2188662 -7944.6 
547 2196663 -7949.4 
548 2204664 -7994.2 
549 2212665 -7954.2 
550 2220666 -7900.6 
551 2228667 -7957.8 
552 2236668 -7958.2 
553 2244669 -7954.2 
554 2252670 -7897.4 
555 2260671 -7853.800000000001 
556 2268672 -7912.2 
557 2276673 -7973.8 
558 2284674 -7870.6 
559 2292675 -7921.8 
560 2300676 -7988.2 
561 2308677 -7964.2 
562 2316678 -7821.0 
563 2324679 -7941.0 
564 2332680 -7777.8 
565 2340681 -7930.6 
566 2348682 -7930.2 
567 2356683 -7934.6 
568 2364684 -7882.2 
569 2372685 -7852.6 
570 2380686 -7390.6 
571 2388687 -7505.799999999999 
572 2396688 -7932.6 
573 2404689 -7915.799999999999 
574 2412690 -7914.6 
575 2420691 -7701.0 
576 2428692 -7978.6 
577 2436693 -7863.8 
578 2444694 -7809.8 
579 2452695 -7663.8 
580 2460696 -7948.200000000001 
581 2468697 -7653.8 
582 2476698 -7809.0 
583 2484699 -7953.0 
584 2492700 -7659.4 
585 2500701 -7320.599999999999 
586 2508702 -7334.6 
587 2516703 -7702.6 
588 2524704 -7611.4 
589 2532705 -7761.0 
590 2540706 -7424.2 
591 2548707 -7209.799999999999 
592 2556708 -7015.800000000001 
593 2564709 -4841.399999999997 
594 2572710 -2281.3999999999987 
595 2580711 -3999.0 
596 2588712 -4045.800000000004 
597 2596713 -4135.4 
598 2604714 -2608.999999999998 
599 2606879 -9.800000000000086 
600 2614880 -1477.0000000000005 
601 2622881 -2286.999999999998 
602 2630882 -1795.0 
603 2632654 75.19999999999999 
604 2640655 -2134.599999999999 
605 2643331 28.999999999999854 
606 2645120 173.20000000000007 
607 2646735 293.9999999999999 
608 2648199 250.0000000000001 
609 2649669 333.40000000000003 
610 2651663 22.79999999999999 
611 2659664 -1317.7999999999984 
612 2667665 -1817.8000000000018 
613 2668876 427.40000000000003 
614 2673044 -492.4000000000005 
615 2676427 -38.19999999999987 
616 2684428 -1403.3999999999992 
617 2692429 -1710.9999999999982 
618 2700430 -1650.200000000003 
619 2708431 -2671.0 
620 2712449 -204.8 
621 2720450 -1159.0000000000002 
622 2728451 -2698.2 
623 2736452 -1853.400000000002 
624 2744453 -1616.2000000000005 
625 2752454 -3104.2000000000035 
626 2760455 -2256.200000000002 
627 2768456 -385.4 
628 2776457 -3516.199999999998 
629 2784458 -1057.4000000000005 
630 2785762 264.20000000000005 
631 2793763 -1201.8000000000002 
632 2794870 441.6000000000001 
633 2795923 386.8000000000001 
634 2803924 -1175.8000000000009 
635 2805388 353.2000000000004 
636 2806859 432.6000000000003 
637 2814860 -574.5999999999995 
638 2816899 420.0000000000001 
639 2824900 -646.2000000000002 
640 2827280 423.8000000000009 
641 2830243 285.4000000000003 
642 2831282 359.3999999999998 
643 2832374 466.99999999999994 
644 2833552 366.59999999999997 
645 2841553 -1102.1999999999998 
646 2842463 465.6000000000003 
647 2850464 -731.7999999999997 
648 2853591 234.20000000000047 
649 2861592 -1027.8000000000002 
650 2862857 474.00000000000017 
651 2870858 -982.2000000000004 
652 2872386 318.40000000000026 
653 2880387 -542.6000000000004 
654 2881473 347.2 
655 2889474 -997.7999999999992 
656 2890606 469.8 
657 2892971 536.6 
658 2894947 440.4000000000003 
659 2902948 -263.3999999999995 
660 2910949 -185.39999999999986 
661 2913102 226.19999999999993 
662 2914932 327.60000000000014 
663 2915937 472.60000000000014 
664 2918350 373.20000000000067 
665 2920809 461.4000000000011 
666 2921539 295.40000000000003 
667 2922269 357.59999999999997 
668 2923896 354.0000000000003 
669 2926295 324.20000000000033 
670 2927286 359.8000000000001 
671 2929510 491.0000000000003 
672 2930677 373.99999999999966 
673 2938678 -177.8000000000001 
674 2946679 -199.40000000000055 
675 2947765 436.00000000000034 
676 2950588 246.99999999999977 
677 2952104 308.2000000000001 
678 2960105 -766.199999999998 
679 2962741 376.80000000000007 
680 2966404 551.8000000000001 
681 2974405 -332.1999999999997 
682 2976739 277.8 
683 2979773 308.79999999999944 
684 2987774 -546.6000000000004 
685 2995775 -354.5999999999992 
686 3001069 -187.00000000000003 
687 3009070 -531.4000000000005 
688 3009934 406.59999999999997 
689 3012367 391.8000000000005 
690 3020368 -220.20000000000007 
691 3028369 113.00000000000047 
692 3030207 477.2000000000004 
693 3032472 224.60000000000096 
694 3040473 -132.2000000000003 
695 3041109 390.20000000000016 
696 3041922 405.2 
697 3049923 -915.7999999999973 
698 3053088 123.7999999999996 
699 3058625 322.60000000000025 
700 3060093 278.0000000000001 
701 3061075 336.20000000000005 
702 3069076 -618.199999999999 
703 3077077 -682.5999999999982 
704 3080142 156.9999999999998 
705 3081647 398.6 
